Time: 0 endValue: -1.000000
. . . . . . . . . . . . . . . . . . . . . . . . . . . . . . 
. . . . . . . . . . . . . . . . . . . . . . . . . . . . . . 
. . . . . . . . . . . . . . . . . . . . . . . . . . . . . . 
. . . . . . . . . . . . . . . . . . . . . . . . . . . . . . 
. . . . . . . . . . . . . . . . . . . . . . . . . . . . . . 
. . . . . . . . . . . . . . . . . . . . . . . . . . . . . . 
. . . . . . . . . . . . . . . . . . . . . . . . . . . . . . 
. . . . . . . . . . . . . . . . . . . . . . . . . . . . . . 
. . . . . . . . . . . . . . . . . . . . . . . . . . . . . . 
. . . . . . . . . . . . . . . . . . . . . . . . . . . . . . 
. . . . . . . . . . . . . . . . . . . . . . . . . . . . . . 
. . . . . . . . . . . . . . . . . . . . . . . . . . . . . . 
. . . . . . . . . . . . . . . . . . . . . . . . . . . . . . 
. . . . . . . . . . . . . . . . . . . . . . . . . . . . . . 
. . . . . . . . . . . . . . . . . . . . . . . . . . . . . . 
. . . . . . . . . . . . . . . . . . . . . . . . . . . . . . 
Network Value: 0.206327 End Value: 0
Time: 0 endValue: -1.000000
. . . . . . . 2 1 1 1 X 1 0 0 0 0 1 1 1 1 2 X 1 0 2 X 2 0 0 
. . . . . . . 4 X 2 1 1 1 1 1 1 0 1 X 2 2 X 2 1 1 3 X 3 1 0 
. . . . . . . . X 3 0 0 0 1 X 1 0 1 2 X 3 3 2 1 1 X 3 X 1 0 
. . . . . . . . X 5 2 1 1 3 4 3 1 1 2 3 X 2 X 1 1 1 2 1 1 0 
. . . . . . . . X X X 1 2 X X X 2 2 X 2 1 2 1 1 0 0 0 0 0 0 
. . . . . . . . . . 3 1 2 X . 3 . . 3 2 1 1 2 1 1 1 1 2 2 2 
. . . . . . . . . . 2 1 2 2 . . . . X 3 2 X 3 X 2 1 X 2 X X 
. . . . . . . . . . . . . . . . X X X 4 X 3 3 X 2 1 1 2 2 2 
. . . . . . . . . . . . . . . . 3 3 2 3 X 2 1 1 2 1 2 1 2 1 
. . . . . . . . . . . . . . . . 1 1 1 2 1 1 0 0 1 X 2 X 2 X 
. . . . . . . . . . . . . . . . 2 3 X 2 0 0 1 1 2 2 4 3 3 1 
. . . . . . . . . . . . . . . . . . X 3 1 1 3 X 2 2 X X 3 1 
. . . . . . . . . . . . . . . . . . 3 X 2 2 X X 2 2 X X . . 
. . . . . . . . . . . . . . . . . . 3 3 X 2 2 2 1 1 2 3 3 . 
. . . . . . . . . . . . . . . . . . X 3 2 2 0 1 1 1 0 1 . . 
. . . . . . . . . . . . . . . . . . 2 2 X 1 0 1 X 1 0 1 . . 
Network Value: 0.203533 End Value: 0
Time: 0 endValue: -1.000000
. . . . . . . 2 1 1 1 X 1 0 0 0 0 1 1 1 1 2 X 1 0 2 X 2 0 0 
. . . . . . . 4 X 2 1 1 1 1 1 1 0 1 X 2 2 X 2 1 1 3 X 3 1 0 
. . . . . . . . X 3 0 0 0 1 X 1 0 1 2 X 3 3 2 1 1 X 3 X 1 0 
. . . . . . . . X 5 2 1 1 3 4 3 1 1 2 3 X 2 X 1 1 1 2 1 1 0 
. . . . . . . . X X X 1 2 X X X 2 2 X 2 1 2 1 1 0 0 0 0 0 0 
. . . . . . . . . . 3 1 2 X . 3 . . 3 2 1 1 2 1 1 1 1 2 2 2 
. . . . . . . . . . 2 1 2 2 . . . . X 3 2 X 3 X 2 1 X 2 X X 
. . . . . . . . . . . . . . . . X X X 4 X 3 3 X 2 1 1 2 2 2 
. . . . . . . . . . . . . . . . 3 3 2 3 X 2 1 1 2 1 2 1 2 1 
. . . . . . . . . . 3 . . . . . 1 1 1 2 1 1 0 0 1 X 2 X 2 X 
. . . . . . . . . . . . . . . . 2 3 X 2 0 0 1 1 2 2 4 3 3 1 
. . . . . . . . . . . . . . . . . . X 3 1 1 3 X 2 2 X X 3 1 
. . . . . . . . . . . . . . . . . . 3 X 2 2 X X 2 2 X X . . 
. . . . . . . . . . . . . . . . . . 3 3 X 2 2 2 1 1 2 3 3 . 
. . . . . . . . . . . . . . . . . . X 3 2 2 0 1 1 1 0 1 . . 
. . . . . . . . . . . . . . . . . . 2 2 X 1 0 1 X 1 0 1 . . 
Network Value: 0.201965 End Value: 0
Time: 0 endValue: -1.000000
. . . . . . . 2 1 1 1 X 1 0 0 0 0 1 1 1 1 2 X 1 0 2 X 2 0 0 
. . . . . . . 4 X 2 1 1 1 1 1 1 0 1 X 2 2 X 2 1 1 3 X 3 1 0 
. . . . . . . . X 3 0 0 0 1 X 1 0 1 2 X 3 3 2 1 1 X 3 X 1 0 
. . . . . . . . X 5 2 1 1 3 4 3 1 1 2 3 X 2 X 1 1 1 2 1 1 0 
. . . . . . . . X X X 1 2 X X X 2 2 X 2 1 2 1 1 0 0 0 0 0 0 
. . . . . . . . . . 3 1 2 X . 3 . . 3 2 1 1 2 1 1 1 1 2 2 2 
. . . . . . . . . . 2 1 2 2 . . . . X 3 2 X 3 X 2 1 X 2 X X 
. . . . . . . . . . . . . . . . X X X 4 X 3 3 X 2 1 1 2 2 2 
. . . . . . . . . . . . . . . . 3 3 2 3 X 2 1 1 2 1 2 1 2 1 
. . . . . . . . . . 3 . . . . . 1 1 1 2 1 1 0 0 1 X 2 X 2 X 
. . . . . . . . . . . . . . . . 2 3 X 2 0 0 1 1 2 2 4 3 3 1 
. . . . . . . . . . . . . . . . . . X 3 1 1 3 X 2 2 X X 3 1 
. . . . . . . . . . . . . . . . . . 3 X 2 2 X X 2 2 X X . . 
. . . . . . . . . . . . . . . . . . 3 3 X 2 2 2 1 1 2 3 3 . 
. . . . . . . . . 2 . . . . . . . . X 3 2 2 0 1 1 1 0 1 . . 
. . . . . . . . . . . . . . . . . . 2 2 X 1 0 1 X 1 0 1 . . 
Network Value: 0.20123 End Value: 0
Time: 0 endValue: -1.000000
. . . . . . . 2 1 1 1 X 1 0 0 0 0 1 1 1 1 2 X 1 0 2 X 2 0 0 
. . . . . . . 4 X 2 1 1 1 1 1 1 0 1 X 2 2 X 2 1 1 3 X 3 1 0 
. . . . . . . . X 3 0 0 0 1 X 1 0 1 2 X 3 3 2 1 1 X 3 X 1 0 
. . . . . . . . X 5 2 1 1 3 4 3 1 1 2 3 X 2 X 1 1 1 2 1 1 0 
. . . . . . . . X X X 1 2 X X X 2 2 X 2 1 2 1 1 0 0 0 0 0 0 
. . . . . . . . . . 3 1 2 X . 3 . . 3 2 1 1 2 1 1 1 1 2 2 2 
. . . . . . . . . . 2 1 2 2 . . . . X 3 2 X 3 X 2 1 X 2 X X 
. . . . . . . . . . . . . . . . X X X 4 X 3 3 X 2 1 1 2 2 2 
. . . . . . . . . . . . . . . . 3 3 2 3 X 2 1 1 2 1 2 1 2 1 
. . . . . . . . . . 3 . . . . . 1 1 1 2 1 1 0 0 1 X 2 X 2 X 
. . . . . . . . . . . . . . . . 2 3 X 2 0 0 1 1 2 2 4 3 3 1 
. . . . . . . . . . . . . . . . . . X 3 1 1 3 X 2 2 X X 3 1 
. . . . . . . . . . . . . . . 3 . . 3 X 2 2 X X 2 2 X X . . 
. . . . . . . . . . . . . . . . . . 3 3 X 2 2 2 1 1 2 3 3 . 
. . . . . . . . . 2 . . . . . . . . X 3 2 2 0 1 1 1 0 1 . . 
. . . . . . . . . . . . . . . . . . 2 2 X 1 0 1 X 1 0 1 . . 
Network Value: 0.201905 End Value: 0
Time: 0 endValue: -1.000000
. . . . . . . 2 1 1 1 X 1 0 0 0 0 1 1 1 1 2 X 1 0 2 X 2 0 0 
. . . . . . . 4 X 2 1 1 1 1 1 1 0 1 X 2 2 X 2 1 1 3 X 3 1 0 
. . . . . . . . X 3 0 0 0 1 X 1 0 1 2 X 3 3 2 1 1 X 3 X 1 0 
. . . . . . . . X 5 2 1 1 3 4 3 1 1 2 3 X 2 X 1 1 1 2 1 1 0 
. . . . . . . . X X X 1 2 X X X 2 2 X 2 1 2 1 1 0 0 0 0 0 0 
. . . . . . . . . . 3 1 2 X . 3 . . 3 2 1 1 2 1 1 1 1 2 2 2 
. . . . . . . . . . 2 1 2 2 . . . . X 3 2 X 3 X 2 1 X 2 X X 
. . . . . . . . . . . . . . . . X X X 4 X 3 3 X 2 1 1 2 2 2 
. . . . . . . . . . . . . . . . 3 3 2 3 X 2 1 1 2 1 2 1 2 1 
. . . . . . . . . . 3 . . . . . 1 1 1 2 1 1 0 0 1 X 2 X 2 X 
. . . . . . . . . . . . . . . . 2 3 X 2 0 0 1 1 2 2 4 3 3 1 
. . . . . . . . . . . . . . . . . . X 3 1 1 3 X 2 2 X X 3 1 
. . . . . . . . . . . . . . . 3 . . 3 X 2 2 X X 2 2 X X . . 
. . . . . . . . . . . 4 . . . . . . 3 3 X 2 2 2 1 1 2 3 3 . 
. . . . . . . . . 2 . . . . . . . . X 3 2 2 0 1 1 1 0 1 . . 
. . . . . . . . . . . . . . . . . . 2 2 X 1 0 1 X 1 0 1 . . 
Network Value: 0.202398 End Value: 0
Time: 0 endValue: -1.000000
. . . . . . . 2 1 1 1 X 1 0 0 0 0 1 1 1 1 2 X 1 0 2 X 2 0 0 
. . . . . . . 4 X 2 1 1 1 1 1 1 0 1 X 2 2 X 2 1 1 3 X 3 1 0 
. . . . . . . . X 3 0 0 0 1 X 1 0 1 2 X 3 3 2 1 1 X 3 X 1 0 
. . . . . . . . X 5 2 1 1 3 4 3 1 1 2 3 X 2 X 1 1 1 2 1 1 0 
. . . . . . . . X X X 1 2 X X X 2 2 X 2 1 2 1 1 0 0 0 0 0 0 
. . . . . . . . . . 3 1 2 X . 3 . . 3 2 1 1 2 1 1 1 1 2 2 2 
. . . . . . . . . . 2 1 2 2 . . . . X 3 2 X 3 X 2 1 X 2 X X 
. . . . . . . . . . . . . . 1 . X X X 4 X 3 3 X 2 1 1 2 2 2 
. . . . . . . . . . . . . . . . 3 3 2 3 X 2 1 1 2 1 2 1 2 1 
. . . . . . . . . . 3 . . . . . 1 1 1 2 1 1 0 0 1 X 2 X 2 X 
. . . . . . . . . . . . . . . . 2 3 X 2 0 0 1 1 2 2 4 3 3 1 
. . . . . . . . . . . . . . . . . . X 3 1 1 3 X 2 2 X X 3 1 
. . . . . . . . . . . . . . . 3 . . 3 X 2 2 X X 2 2 X X . . 
. . . . . . . . . . . 4 . . . . . . 3 3 X 2 2 2 1 1 2 3 3 . 
. . . . . . . . . 2 . . . . . . . . X 3 2 2 0 1 1 1 0 1 . . 
. . . . . . . . . . . . . . . . . . 2 2 X 1 0 1 X 1 0 1 . . 
Network Value: 0.20162 End Value: 0
Time: 0 endValue: -1.000000
. . . . . . . 2 1 1 1 X 1 0 0 0 0 1 1 1 1 2 X 1 0 2 X 2 0 0 
. . . . . . . 4 X 2 1 1 1 1 1 1 0 1 X 2 2 X 2 1 1 3 X 3 1 0 
. . . . . . . . X 3 0 0 0 1 X 1 0 1 2 X 3 3 2 1 1 X 3 X 1 0 
. 2 . . . . . . X 5 2 1 1 3 4 3 1 1 2 3 X 2 X 1 1 1 2 1 1 0 
. . . . . . . . X X X 1 2 X X X 2 2 X 2 1 2 1 1 0 0 0 0 0 0 
. . . . . . . . . . 3 1 2 X . 3 . . 3 2 1 1 2 1 1 1 1 2 2 2 
. . . . . . . . . . 2 1 2 2 . . . . X 3 2 X 3 X 2 1 X 2 X X 
. . . . . . . . . . . . . . 1 . X X X 4 X 3 3 X 2 1 1 2 2 2 
. . . . . . . . . . . . . . . . 3 3 2 3 X 2 1 1 2 1 2 1 2 1 
. . . . . . . . . . 3 . . . . . 1 1 1 2 1 1 0 0 1 X 2 X 2 X 
. . . . . . . . . . . . . . . . 2 3 X 2 0 0 1 1 2 2 4 3 3 1 
. . . . . . . . . . . . . . . . . . X 3 1 1 3 X 2 2 X X 3 1 
. . . . . . . . . . . . . . . 3 . . 3 X 2 2 X X 2 2 X X . . 
. . . . . . . . . . . 4 . . . . . . 3 3 X 2 2 2 1 1 2 3 3 . 
. . . . . . . . . 2 . . . . . . . . X 3 2 2 0 1 1 1 0 1 . . 
. . . . . . . . . . . . . . . . . . 2 2 X 1 0 1 X 1 0 1 . . 
Network Value: 0.204459 End Value: 0
Time: 0 endValue: -1.000000
. . . . . . . 2 1 1 1 X 1 0 0 0 0 1 1 1 1 2 X 1 0 2 X 2 0 0 
. . . . . . . 4 X 2 1 1 1 1 1 1 0 1 X 2 2 X 2 1 1 3 X 3 1 0 
. . . . . . . . X 3 0 0 0 1 X 1 0 1 2 X 3 3 2 1 1 X 3 X 1 0 
. 2 . . . . . . X 5 2 1 1 3 4 3 1 1 2 3 X 2 X 1 1 1 2 1 1 0 
. . . . . . . . X X X 1 2 X X X 2 2 X 2 1 2 1 1 0 0 0 0 0 0 
. . . . . . . . . . 3 1 2 X . 3 . . 3 2 1 1 2 1 1 1 1 2 2 2 
. . . . . . . . . . 2 1 2 2 . . . . X 3 2 X 3 X 2 1 X 2 X X 
. . . . . . . . . . . . . . 1 . X X X 4 X 3 3 X 2 1 1 2 2 2 
. . . . . . . . . . . . . . . . 3 3 2 3 X 2 1 1 2 1 2 1 2 1 
. . . . . . . . . . 3 . . . . . 1 1 1 2 1 1 0 0 1 X 2 X 2 X 
. . . . . . . . . . . . . . . . 2 3 X 2 0 0 1 1 2 2 4 3 3 1 
. . . . . . . . . . . . . . . . . . X 3 1 1 3 X 2 2 X X 3 1 
. . . . . . . . . . . 3 . . . 3 . . 3 X 2 2 X X 2 2 X X . . 
. . . . . . . . . . . 4 . . . . . . 3 3 X 2 2 2 1 1 2 3 3 . 
. . . . . . . . . 2 . . . . . . . . X 3 2 2 0 1 1 1 0 1 . . 
. . . . . . . . . . . . . . . . . . 2 2 X 1 0 1 X 1 0 1 . . 
Network Value: 0.20419 End Value: 0
Time: 0 endValue: -1.000000
. . . . . . . 2 1 1 1 X 1 0 0 0 0 1 1 1 1 2 X 1 0 2 X 2 0 0 
. . . . . . . 4 X 2 1 1 1 1 1 1 0 1 X 2 2 X 2 1 1 3 X 3 1 0 
. . . . . . . . X 3 0 0 0 1 X 1 0 1 2 X 3 3 2 1 1 X 3 X 1 0 
. 2 . . . . . . X 5 2 1 1 3 4 3 1 1 2 3 X 2 X 1 1 1 2 1 1 0 
. . . . . . . . X X X 1 2 X X X 2 2 X 2 1 2 1 1 0 0 0 0 0 0 
. . . . . . . . . . 3 1 2 X . 3 . . 3 2 1 1 2 1 1 1 1 2 2 2 
. . . . . . . . . . 2 1 2 2 . . . . X 3 2 X 3 X 2 1 X 2 X X 
. . . . . . 2 . . . . . . . 1 . X X X 4 X 3 3 X 2 1 1 2 2 2 
. . . . . . . . . . . . . . . . 3 3 2 3 X 2 1 1 2 1 2 1 2 1 
. . . . . . . . . . 3 . . . . . 1 1 1 2 1 1 0 0 1 X 2 X 2 X 
. . . . . . . . . . . . . . . . 2 3 X 2 0 0 1 1 2 2 4 3 3 1 
. . . . . . . . . . . . . . . . . . X 3 1 1 3 X 2 2 X X 3 1 
. . . . . . . . . . . 3 . . . 3 . . 3 X 2 2 X X 2 2 X X . . 
. . . . . . . . . . . 4 . . . . . . 3 3 X 2 2 2 1 1 2 3 3 . 
. . . . . . . . . 2 . . . . . . . . X 3 2 2 0 1 1 1 0 1 . . 
. . . . . . . . . . . . . . . . . . 2 2 X 1 0 1 X 1 0 1 . . 
Network Value: 0.205496 End Value: 0
Time: 0 endValue: -1.000000
. . . . . . . . . . . . . . . . . . . . . . . . . . . . . . 
. . . . . . . . . . . . . . . . . . . . . . . . . . . . . . 
. . . . . . . . . . . . . . . . . . . . . . . . . . . . . . 
. . . . . . . . . . . . . . . . . . . . . . . . . . . . . . 
. . . . . . . . . . . . . . . . . . . . . . . . . . . . . . 
. . . . . . . . . . . . . . . . . . . . . . . . . . . . . . 
. . . . . . . . . . . . . . . . . . . . . . . . . . . . . . 
. . . . . . . . . . . . . . . . . . . . . . . . . . . . . . 
. . . . . . . . . . . . . . . . . . . . . . . . . . . . . . 
. . . . . . . . . . . . . . . . . . . . . . . . . . . . . . 
. . . . . . . . . . . . . . . . . . . . . . . . . . . . . . 
. . . . . . . . . . . . . . . . . . . . . . . . . . . . . . 
. . . . . . . . . . . . . . . . . . . . . . . . . . . . . . 
. . . . . . . . . . . . . . . . . . . . . . . . . . . . . . 
. . . . . . . . . . . . . . . . . . . . . . . . . . . . . . 
. . . . . . . . . . . . . . . . . . . . . . . . . . . . . . 
Network Value: 0.206327 End Value: 0
Time: 0 endValue: -1.000000
1 X 2 X 1 0 1 2 2 2 X 2 2 X 1 0 0 0 1 2 2 1 1 X 1 0 1 X 1 0 
1 1 2 2 2 1 1 X X 3 2 3 X 2 1 0 0 1 2 X X 3 2 2 2 2 3 2 1 0 
2 2 1 1 X 1 2 4 5 4 X 2 1 2 1 1 1 2 X 4 X 3 X 1 2 X X 1 0 0 
X X 1 1 1 1 1 X X X 2 1 1 2 X 2 2 X 3 3 1 2 1 1 2 X 4 2 1 0 
3 3 2 1 1 0 1 2 3 2 1 0 1 X 4 X 4 3 X 2 1 2 1 1 1 2 4 X 3 1 
X 1 1 X 1 0 0 0 0 0 0 0 2 2 4 X 3 X 3 3 X 2 X 1 0 2 X X 3 X 
3 4 3 2 1 1 1 1 0 0 0 0 1 X 2 1 3 2 3 X 2 2 2 2 1 2 X 4 3 2 
X X X 2 0 1 X 1 0 0 0 1 2 2 1 0 2 X 3 1 1 0 1 X 2 2 2 2 X 1 
. . X 2 0 2 3 4 2 1 0 1 X 1 0 0 2 X 4 3 2 1 1 1 2 X 2 2 2 2 
. . 4 3 2 2 X X X 2 1 1 1 2 1 1 1 3 X X X 1 0 0 1 3 X 2 1 X 
. . X X 2 X 3 3 4 X 4 2 1 1 X 1 1 3 X 4 3 2 2 1 1 2 X 2 2 2 
. . X 4 2 1 1 0 2 X X X 1 1 1 1 1 X 3 2 1 X 4 X 3 2 1 2 2 X 
. 3 X 2 1 1 2 1 2 4 X 4 1 0 0 0 1 2 X 1 2 3 X X X 1 0 2 X 3 
. 2 1 1 1 X 2 X 1 2 X 2 0 0 0 0 0 2 2 2 1 X 4 4 4 2 1 2 X 3 
. 2 1 0 1 1 2 1 1 1 2 2 1 0 0 0 0 1 X 1 1 2 3 X 2 X 2 2 3 X 
. X 1 0 0 0 0 0 0 0 1 X 1 0 0 0 0 1 1 1 0 1 X 2 2 1 2 X 2 1 
Network Value: 0.38909 End Value: 0
Time: 0 endValue: -1.000000
. . . . . . . . . . . . . . . . . . . . . . . . . . . . . . 
. . . . . . . . . . . . . . . . . . . . . . . . . . . . . . 
. . . . . . . . . . . . . . . . . . . . . . . . . . . . . . 
. . . . . . . . . . . . . . . . . . . . . . . . . . . . . . 
. . . . . . . . . . . . . . . . . . . . . . . . . . . . . . 
. . . . . . . . . . . . . . . . . . . . . . . . . . . . . . 
. . . . . . . . . . . . . . . . . . . . . . . . . . . . . . 
. . . . . . . . . . . . . . . . . . . . . . . . . . . . . . 
. . . . . . . . . . . . . . . . . . . . . . . . . . . . . . 
. . . . . . . . . . . . . . . . . . . . . . . . . . . . . . 
. . . . . . . . . . . . . . . . . . . . . . . . . . . . . . 
. . . . . . . . . . . . . . . . . . . . . . . . . . . . . . 
. . . . . . . . . . . . . . . . . . . . . . . . . . . . . . 
. . . . . . . . . . . . . . . . . . . . . . . . . . . . . . 
. . . . . . . . . . . . . . . . . . . . . . . . . . . . . . 
. . . . . . . . . . . . . . . . . . . . . . . . . . . . . . 
Network Value: 0.206327 End Value: 0
Time: 0 endValue: -1.000000
. . . . . . . . . . . . . . X 2 0 0 1 1 1 0 0 0 0 0 0 2 X . 
. . . . . . . . . . . . . . X 4 2 3 4 X 2 0 0 0 0 0 0 2 X . 
. . . . . . . . . . . . . . X 4 X X X X 2 1 1 1 0 0 0 1 2 . 
. . . . . . . . . . . . . . . . . . 4 3 3 3 X 2 2 2 2 1 1 . 
. . . . . . . . . . . . . . . . . . 1 1 X X 3 . . X . . 2 . 
. . . . . . . . . . . . . . . . . 3 2 2 3 . . . . . . . . . 
. . . . . . . . . . . . . . . . . . . . . . . . . . . . . . 
. . . . . . . . . . . . . . . . . . . . . . . . . . . . . . 
. . . . . . . . . . . . . . . . . . . . . . . . . . . . . . 
. . . . . . . . . . . . . . . . . . . . . . . . . . . . . . 
. . . . . . . . . . . . . . . . . . . . . . . . . . . . . . 
. . . . . . . . . . . . . . . . . . . . . . . . . . . . . . 
. . . . . . . . . . . . . . . . . . . . . . . . . . . . . . 
. . . . . . . . . . . . . . . . . . . . . . . . . . . . . . 
. . . . . . . . . . . . . . . . . . . . . . . . . . . . . . 
. . . . . . . . . . . . . . . . . . . . . . . . . . . . . . 
Network Value: 0.129941 End Value: 0
Time: 0 endValue: -1.000000
. . . . . . . . . . . . . . . . . . . . . . . . . . . . . . 
. . . . . . . . . . . . . . . . . . . . . . . . . . . . . . 
. . . . . . . . . . . . . . . . . . . . . . . . . . . . . . 
. . . . . . . . . . . . . . . . . . . . . . . . . . . . . . 
. . . . . . . . . . . . . . . . . . . . . . . . . . . . . . 
. . . . . . . . . . . . . . . . . . . . . . . . . . . . . . 
. . . . . . . . . . . . . . . . . . . . . . . . . . . . . . 
. . . . . . . . . . . . . . . . . . . . . . . . . . . . . . 
. . . . . . . . . . . . . . . . . . . . . . . . . . . . . . 
. . . . . . . . . . . . . . . . . . . . . . . . . . . . . . 
. . . . . . . . . . . . . . . . . . . . . . . . . . . . . . 
. . . . . . . . . . . . . . . . . . . . . . . . . . . . . . 
. . . . . . . . . . . . . . . . . . . . . . . . . . . . . . 
. . . . . . . . . . . . . . . . . . . . . . . . . . . . . . 
. . . . . . . . . . . . . . . . . . . . . . . . . . . . . . 
. . . . . . . . . . . . . . . . . . . . . . . . . . . . . . 
Network Value: 0.206327 End Value: 1
Time: 0 endValue: -1.000000
X 3 X 1 0 0 0 1 1 2 1 2 1 1 0 0 0 0 1 X 2 2 X . . . . . . . 
3 X 2 1 0 0 0 1 X 2 X 3 X 3 1 0 0 1 2 2 2 X 4 . . . . . . . 
X 3 2 0 0 0 0 1 1 2 1 3 X X 2 1 0 1 X 2 2 2 X 4 . . . . . . 
3 X 2 2 2 1 0 0 0 0 0 2 3 4 X 1 0 2 3 X 1 1 2 . . . . . . . 
X 3 2 X X 2 1 2 3 2 1 2 X 4 3 3 2 2 X 2 1 1 3 . . . . . . . 
X 4 2 3 X 2 2 X X X 1 2 X 4 X X 3 X 3 1 1 2 X X . . 1 . . . 
X X 1 1 1 2 3 X 4 2 1 1 3 X 4 2 3 X 3 1 2 X 5 X 4 1 1 . . . 
X 3 1 0 0 1 X 2 1 0 0 0 2 X 3 1 1 1 2 X 2 1 3 X 3 1 1 . . . 
1 1 0 1 1 3 2 2 0 0 1 1 2 2 X 1 0 0 1 1 1 0 1 2 X 2 2 . . . 
0 0 0 1 X 3 X 2 1 0 1 X 2 2 2 2 1 0 0 0 0 0 0 1 1 2 X . . . 
0 0 0 1 3 X 4 X 1 0 1 2 X 2 2 X 1 0 0 0 0 0 0 0 0 2 4 . . . 
1 1 1 0 2 X 3 1 1 0 0 1 2 4 X 3 1 0 1 1 2 1 1 0 1 2 X X X 2 
1 X 2 1 2 1 1 0 0 0 0 0 1 X X 3 0 0 1 X 3 X 2 2 2 X 3 4 3 2 
1 1 2 X 2 2 2 2 1 0 1 1 2 4 X 3 0 0 2 4 X 4 X 2 X 2 1 1 X 2 
0 0 1 3 X 3 X X 2 1 2 X 1 2 X 3 1 1 1 X X 4 2 2 2 2 1 1 2 X 
0 0 0 2 X 3 2 2 2 X 2 1 1 1 1 2 X 1 1 2 3 X 1 0 1 X 1 0 1 1 
Network Value: 0.319815 End Value: 1
Time: 0 endValue: -1.000000
X 3 X 1 0 0 0 1 1 2 1 2 1 1 0 0 0 0 1 X 2 2 X . . . . . . . 
3 X 2 1 0 0 0 1 X 2 X 3 X 3 1 0 0 1 2 2 2 X 4 . . 1 . . . . 
X 3 2 0 0 0 0 1 1 2 1 3 X X 2 1 0 1 X 2 2 2 X 4 . . . . . . 
3 X 2 2 2 1 0 0 0 0 0 2 3 4 X 1 0 2 3 X 1 1 2 . . . . . . . 
X 3 2 X X 2 1 2 3 2 1 2 X 4 3 3 2 2 X 2 1 1 3 . . . . . . . 
X 4 2 3 X 2 2 X X X 1 2 X 4 X X 3 X 3 1 1 2 X X . . 1 . . . 
X X 1 1 1 2 3 X 4 2 1 1 3 X 4 2 3 X 3 1 2 X 5 X 4 1 1 . . . 
X 3 1 0 0 1 X 2 1 0 0 0 2 X 3 1 1 1 2 X 2 1 3 X 3 1 1 . . . 
1 1 0 1 1 3 2 2 0 0 1 1 2 2 X 1 0 0 1 1 1 0 1 2 X 2 2 . . . 
0 0 0 1 X 3 X 2 1 0 1 X 2 2 2 2 1 0 0 0 0 0 0 1 1 2 X . . . 
0 0 0 1 3 X 4 X 1 0 1 2 X 2 2 X 1 0 0 0 0 0 0 0 0 2 4 . . . 
1 1 1 0 2 X 3 1 1 0 0 1 2 4 X 3 1 0 1 1 2 1 1 0 1 2 X X X 2 
1 X 2 1 2 1 1 0 0 0 0 0 1 X X 3 0 0 1 X 3 X 2 2 2 X 3 4 3 2 
1 1 2 X 2 2 2 2 1 0 1 1 2 4 X 3 0 0 2 4 X 4 X 2 X 2 1 1 X 2 
0 0 1 3 X 3 X X 2 1 2 X 1 2 X 3 1 1 1 X X 4 2 2 2 2 1 1 2 X 
0 0 0 2 X 3 2 2 2 X 2 1 1 1 1 2 X 1 1 2 3 X 1 0 1 X 1 0 1 1 
Network Value: 0.328122 End Value: 1
Time: 0 endValue: -1.000000
X 3 X 1 0 0 0 1 1 2 1 2 1 1 0 0 0 0 1 X 2 2 X . . . . . . . 
3 X 2 1 0 0 0 1 X 2 X 3 X 3 1 0 0 1 2 2 2 X 4 . . 1 . . . . 
X 3 2 0 0 0 0 1 1 2 1 3 X X 2 1 0 1 X 2 2 2 X 4 . . . . . . 
3 X 2 2 2 1 0 0 0 0 0 2 3 4 X 1 0 2 3 X 1 1 2 . . . . . . . 
X 3 2 X X 2 1 2 3 2 1 2 X 4 3 3 2 2 X 2 1 1 3 . . . . . . . 
X 4 2 3 X 2 2 X X X 1 2 X 4 X X 3 X 3 1 1 2 X X . . 1 . . . 
X X 1 1 1 2 3 X 4 2 1 1 3 X 4 2 3 X 3 1 2 X 5 X 4 1 1 . . . 
X 3 1 0 0 1 X 2 1 0 0 0 2 X 3 1 1 1 2 X 2 1 3 X 3 1 1 . . . 
1 1 0 1 1 3 2 2 0 0 1 1 2 2 X 1 0 0 1 1 1 0 1 2 X 2 2 . 4 . 
0 0 0 1 X 3 X 2 1 0 1 X 2 2 2 2 1 0 0 0 0 0 0 1 1 2 X . . . 
0 0 0 1 3 X 4 X 1 0 1 2 X 2 2 X 1 0 0 0 0 0 0 0 0 2 4 . . . 
1 1 1 0 2 X 3 1 1 0 0 1 2 4 X 3 1 0 1 1 2 1 1 0 1 2 X X X 2 
1 X 2 1 2 1 1 0 0 0 0 0 1 X X 3 0 0 1 X 3 X 2 2 2 X 3 4 3 2 
1 1 2 X 2 2 2 2 1 0 1 1 2 4 X 3 0 0 2 4 X 4 X 2 X 2 1 1 X 2 
0 0 1 3 X 3 X X 2 1 2 X 1 2 X 3 1 1 1 X X 4 2 2 2 2 1 1 2 X 
0 0 0 2 X 3 2 2 2 X 2 1 1 1 1 2 X 1 1 2 3 X 1 0 1 X 1 0 1 1 
Network Value: 0.329132 End Value: 1
Time: 0 endValue: -1.000000
. . . . . . . . . . . . . . . . . . . . . . . . . . . . . . 
. . . . . . . . . . . . . . . . . . . . . . . . . . . . . . 
. . . . . . . . . . . . . . . . . . . . . . . . . . . . . . 
. . . . . . . . . . . . . . . . . . . . . . . . . . . . . . 
. . . . . . . . . . . . . . . . . . . . . . . . . . . . . . 
. . . . . . . . . . . . . . . . . . . . . . . . . . . . . . 
. . . . . . . . . . . . . . . . . . . . . . . . . . . . . . 
. . . . . . . . . . . . . . . . . . . . . . . . . . . . . . 
. . . . . . . . . . . . . . . . . . . . . . . . . . . . . . 
. . . . . . . . . . . . . . . . . . . . . . . . . . . . . . 
. . . . . . . . . . . . . . . . . . . . . . . . . . . . . . 
. . . . . . . . . . . . . . . . . . . . . . . . . . . . . . 
. . . . . . . . . . . . . . . . . . . . . . . . . . . . . . 
. . . . . . . . . . . . . . . . . . . . . . . . . . . . . . 
. . . . . . . . . . . . . . . . . . . . . . . . . . . . . . 
. . . . . . . . . . . . . . . . . . . . . . . . . . . . . . 
Network Value: 0.206327 End Value: 1
Time: 0 endValue: -1.000000
X 1 0 1 X 3 . . . . . . . . . . . . . . . . . . . . . . . . 
2 2 0 1 2 X . . . . . . . . . . . . . . . . . . . . . . . . 
X 1 0 0 2 3 . . . . . . . . . . . . . . . . . . . . . . . . 
2 2 1 0 2 X . . . . . . . . . . . . . . . . . . . . . . . . 
1 X 1 0 2 X . . . . . . . . . . . . . . . . . . . . . . . . 
3 4 3 1 1 2 . . . . . . . . . . . . . . . . . . . . . . . . 
X X X 2 0 1 . . . . . . . . . . . . . . . . . . . . . . . . 
. . X 3 1 2 . . . . . . . . . . . . . . . . . . . . . . . . 
. . . . . . . . . . . . . . . . . . . . . . . . . . . . . . 
. . . . . . . . . . . . . . . . . . . . . . . . . . . . . . 
. . . . . . . . . . . . . . . . . . . . . . . . . . . . . . 
. . . . . . . . . . . . . . . . . . . . . . . . . . . . . . 
. . . . . . . . . . . . . . . . . . . . . . . . . . . . . . 
. . . . . . . . . . . . . . . . . . . . . . . . . . . . . . 
. . . . . . . . . . . . . . . . . . . . . . . . . . . . . . 
. . . . . . . . . . . . . . . . . . . . . . . . . . . . . . 
Network Value: 0.177379 End Value: 1
Time: 0 endValue: -1.000000
. . . . . . . . . . . . . . . . . . . . . . . . . . . . . . 
. . . . . . . . . . . . . . . . . . . . . . . . . . . . . . 
. . . . . . . . . . . . . . . . . . . . . . . . . . . . . . 
. . . . . . . . . . . . . . . . . . . . . . . . . . . . . . 
. . . . . . . . . . . . . . . . . . . . . . . . . . . . . . 
. . . . . . . . . . . . . . . . . . . . . . . . . . . . . . 
. . . . . . . . . . . . . . . . . . . . . . . . . . . . . . 
. . . . . . . . . . . . . . . . . . . . . . . . . . . . . . 
. . . . . . . . . . . . . . . . . . . . . . . . . . . . . . 
. . . . . . . . . . . . . . . . . . . . . . . . . . . . . . 
. . . . . . . . . . . . . . . . . . . . . . . . . . . . . . 
. . . . . . . . . . . . . . . . . . . . . . . . . . . . . . 
. . . . . . . . . . . . . . . . . . . . . . . . . . . . . . 
. . . . . . . . . . . . . . . . . . . . . . . . . . . . . . 
. . . . . . . . . . . . . . . . . . . . . . . . . . . . . . 
. . . . . . . . . . . . . . . . . . . . . . . . . . . . . . 
Network Value: 0.206327 End Value: 1
Time: 0 endValue: -1.000000
. . . . . . . . . . . . . . . . . . . . . . . . . . . . . . 
. . . . . . . . . . . . . . . . . . . . . . . . . . . . . . 
. . . . . . . . . . . . . . . . . . . . . . . . . . . . . . 
. . . . . . . . . . . . . . . . . . . . . . . . . . . . . . 
. . . . . . . . . . . . . . . . . . . . . . . . . . . . . . 
. . . . . . . . . . . . . . . . . . . . . . . . . . . . . . 
. . . . . . . . . . . . . . . . . . . . . . . . . . . . . . 
. . . . . . . . . . . . . . . . . . . . . . . . . . . . . . 
. . . . . . . . . . . . . . . . . . . . . . . . . . . . . . 
. . . . . . . . . . . . . . . . . . . . . . . . . . . . . . 
. . . . . . . . . . . . . . . . . . . . . . . . . . . . . . 
. . . . . . . . . . . . . . . . . . . . . . . . . . . . . . 
. . . . . . . . . . . . . . . . . . . . . . . . . . . . . . 
. . . . . . . . . . . . . . . . . . . . . . . . . . . . . . 
. . . . . . . . . . . . . . . . . . . . . . . . . . . . . . 
. . . . . . . . . . . . . . . . . . . . . . . . . . . . . . 
Network Value: 0.206327 End Value: 0
Time: 0 endValue: -1.000000
. . . . . . . . . . . . . . . . . . X 3 1 0 0 0 0 0 0 0 0 0 
. . . . . . . . . . . . . . . . . X X X 1 0 1 2 2 1 1 1 1 0 
. . . . . . . . . . . . . . . . . . 4 2 1 1 3 X X 1 1 X 2 1 
. . . . . . . . . . . . . . . . . . 3 2 1 1 X X 3 1 1 2 X 1 
. . . . . . . . . . . . . . . . . 3 X X 1 1 2 3 2 1 0 1 1 1 
. . . . . . . . . . . . . . . . . . . 3 1 0 0 1 X 2 1 0 1 1 
. . . . . . . . . . . . . . . . . . . 3 1 0 0 1 2 X 1 0 1 X 
. . . . . . . . . . . . . . . . 3 2 X X 1 0 0 0 1 1 1 0 1 1 
. . . . . . . . . . . . . . . . 3 2 2 2 1 0 0 0 0 0 0 1 2 2 
. . . . . . . . . . . . . . . . X 1 0 0 0 0 0 0 0 0 0 2 X X 
. . . . . . . . . . . . . . . X 3 2 1 2 1 2 1 1 1 1 1 2 X 3 
. . . . . . . . . . . . . . . . 2 1 X 2 X 3 X 2 2 X 2 2 2 1 
. . . . . . . . . . . . . . . . 3 3 2 2 3 X 3 2 X 2 2 X 1 0 
. . . . . . . . . . . . . . . 4 X X 1 0 2 X 2 1 1 1 1 1 2 1 
. . . . . . . . . . . . . . . . . 3 2 1 2 1 1 1 1 1 0 0 1 X 
. . . . . . . . . . . . . . . . . 1 1 X 1 0 0 1 X 1 0 0 1 1 
Network Value: 0.174403 End Value: 0
Time: 0 endValue: -1.000000
. . . . . . . . . . . . . . . . . . X 3 1 0 0 0 0 0 0 0 0 0 
. . . . . . . . . . . . . . . . . X X X 1 0 1 2 2 1 1 1 1 0 
. . . . . . . . . . . . . . . . . . 4 2 1 1 3 X X 1 1 X 2 1 
. . . . . . . . . . . . . . . . . . 3 2 1 1 X X 3 1 1 2 X 1 
. . . . . . . . . . . . . . . . . 3 X X 1 1 2 3 2 1 0 1 1 1 
. . . . . . . . . . . . . . . . . . . 3 1 0 0 1 X 2 1 0 1 1 
. . . . . . . . . . . . . . . . . . . 3 1 0 0 1 2 X 1 0 1 X 
. . . . . . . . . . . . . . . . 3 2 X X 1 0 0 0 1 1 1 0 1 1 
. . . . . . . . . . . . . . . . 3 2 2 2 1 0 0 0 0 0 0 1 2 2 
. . . . . . . . . . . . . . . . X 1 0 0 0 0 0 0 0 0 0 2 X X 
. . . . . . . . . . . . . . . X 3 2 1 2 1 2 1 1 1 1 1 2 X 3 
. . . . . . 1 . . . . . . . . . 2 1 X 2 X 3 X 2 2 X 2 2 2 1 
. . . . . . . . . . . . . . . . 3 3 2 2 3 X 3 2 X 2 2 X 1 0 
. . . . . . . . . . . . . . . 4 X X 1 0 2 X 2 1 1 1 1 1 2 1 
. . . . . . . . . . . . . . . . . 3 2 1 2 1 1 1 1 1 0 0 1 X 
. . . . . . . . . . . . . . . . . 1 1 X 1 0 0 1 X 1 0 0 1 1 
Network Value: 0.170071 End Value: 0
Time: 0 endValue: -1.000000
. . . . . . . . . . . . . . . . . . . . . . . . . . . . . . 
. . . . . . . . . . . . . . . . . . . . . . . . . . . . . . 
. . . . . . . . . . . . . . . . . . . . . . . . . . . . . . 
. . . . . . . . . . . . . . . . . . . . . . . . . . . . . . 
. . . . . . . . . . . . . . . . . . . . . . . . . . . . . . 
. . . . . . . . . . . . . . . . . . . . . . . . . . . . . . 
. . . . . . . . . . . . . . . . . . . . . . . . . . . . . . 
. . . . . . . . . . . . . . . . . . . . . . . . . . . . . . 
. . . . . . . . . . . . . . . . . . . . . . . . . . . . . . 
. . . . . . . . . . . . . . . . . . . . . . . . . . . . . . 
. . . . . . . . . . . . . . . . . . . . . . . . . . . . . . 
. . . . . . . . . . . . . . . . . . . . . . . . . . . . . . 
. . . . . . . . . . . . . . . . . . . . . . . . . . . . . . 
. . . . . . . . . . . . . . . . . . . . . . . . . . . . . . 
. . . . . . . . . . . . . . . . . . . . . . . . . . . . . . 
. . . . . . . . . . . . . . . . . . . . . . . . . . . . . . 
Network Value: 0.206327 End Value: 1
Time: 0 endValue: -1.000000
1 X 1 1 1 2 1 2 1 2 X 1 1 1 1 0 1 1 1 0 1 X 2 1 1 1 X 2 1 0 
1 1 2 2 X 2 X 2 X 2 1 1 1 X 2 1 1 X 1 0 1 1 3 X 3 2 3 X 2 0 
1 1 1 X 2 2 1 2 1 1 0 0 2 3 X 2 3 2 2 0 1 1 3 X X 2 4 X 3 0 
X 3 2 2 1 1 1 1 0 0 1 2 4 X 4 X 2 X 1 0 2 X 3 3 3 4 X X 2 0 
X 3 X 1 0 2 X 2 1 2 3 X X X 3 2 3 2 2 1 3 X 2 1 X 4 X 5 2 1 
1 2 1 2 1 3 X 2 1 X X 3 3 2 1 1 X 3 3 X 2 1 1 1 1 3 X 4 X 3 
0 0 0 1 X 3 2 2 1 2 2 1 0 1 1 2 2 X X 4 2 1 0 1 1 2 1 3 X X 
1 1 0 1 1 2 X 1 1 1 1 0 0 1 X 2 3 5 X 5 X 2 0 1 X 1 0 1 2 2 
X 1 0 0 0 1 2 2 3 X 3 1 1 2 3 X 2 X X 4 X 2 0 1 2 2 2 1 1 0 
1 1 0 0 0 1 2 X 3 X X 1 2 X 3 1 2 3 3 3 1 1 0 0 1 X 2 X 1 0 
0 1 1 1 0 1 X 2 2 3 3 2 2 X 4 2 1 1 X 2 1 1 1 1 1 1 2 1 1 0 
1 3 X 2 0 1 2 2 1 2 X 4 3 4 X X 1 1 3 X 3 2 X 1 1 1 1 0 0 0 
. . X 3 1 0 1 X 1 2 X X X 4 X 3 1 0 2 X 4 X 3 2 2 X 1 0 0 0 
. . 3 X 2 2 3 2 2 2 3 4 X 3 1 1 0 0 1 2 4 X 2 1 X 3 2 1 1 1 
. . . 3 3 X X 2 2 X 2 2 2 1 1 1 1 0 0 1 X 2 1 2 2 3 X 1 2 X 
. . . X 2 2 2 2 X 2 2 X 1 0 1 X 1 0 0 1 1 1 0 1 X 2 1 1 2 X 
Network Value: 0.405267 End Value: 1
Time: 0 endValue: -1.000000
. . . . . . . . . . . . . . . . . . . . . . . . . . . . . . 
. . . . . . . . . . . . . . . . . . . . . . . . . . . . . . 
. . . . . . . . . . . . . . . . . . . . . . . . . . . . . . 
. . . . . . . . . . . . . . . . . . . . . . . . . . . . . . 
. . . . . . . . . . . . . . . . . . . . . . . . . . . . . . 
. . . . . . . . . . . . . . . . . . . . . . . . . . . . . . 
. . . . . . . . . . . . . . . . . . . . . . . . . . . . . . 
. . . . . . . . . . . . . . . . . . . . . . . . . . . . . . 
. . . . . . . . . . . . . . . . . . . . . . . . . . . . . . 
. . . . . . . . . . . . . . . . . . . . . . . . . . . . . . 
. . . . . . . . . . . . . . . . . . . . . . . . . . . . . . 
. . . . . . . . . . . . . . . . . . . . . . . . . . . . . . 
. . . . . . . . . . . . . . . . . . . . . . . . . . . . . . 
. . . . . . . . . . . . . . . . . . . . . . . . . . . . . . 
. . . . . . . . . . . . . . . . . . . . . . . . . . . . . . 
. . . . . . . . . . . . . . . . . . . . . . . . . . . . . . 
Network Value: 0.206327 End Value: 0
Time: 0 endValue: -1.000000
. 2 1 0 1 3 X 3 X X X 3 3 . . . . . . . . . . . . . . . . . 
. X 2 1 2 X X 3 2 3 3 X X . . . . . . . . . . . . . . . . . 
X X 5 4 X 4 2 1 0 0 1 3 4 . . . . . . . . . . . . . . . . . 
3 X X X X 2 0 1 1 1 0 2 X . . . . . . . . . . . . . . . . . 
1 2 3 4 4 3 1 1 X 1 1 4 X . . . . . . . . . . . . . . . . . 
0 0 0 1 X X 2 2 1 1 1 X X 4 . . . . . . . . . . . . . . . . 
2 2 1 1 2 3 X 1 0 0 1 2 3 3 . . . . . . . . . . . . . . . . 
X X 2 0 0 2 2 2 0 0 0 0 1 X . . . . . . . . . . . . . . . . 
3 X 3 2 2 2 X 1 0 0 0 0 1 2 . . . . . . . . . . . . . . . . 
2 2 3 X X 2 1 1 0 0 0 0 0 1 . . . . . . . . . . . . . . . . 
1 X 3 3 2 1 1 2 2 1 0 1 1 2 . . . . . . . . . . . . . . . . 
1 2 X 1 1 1 2 X X 3 2 2 X 2 . . . . . . . . . . . . . . . . 
0 1 1 1 1 X 3 3 4 X X 3 2 2 . . . . . . . . . . . . . . . . 
0 0 0 1 2 2 2 X 3 3 4 . . 1 . . . . . . . . . . . . . . . . 
1 1 2 2 X 2 2 1 2 X 4 . . . . . . . . . . . . . . . . . . . 
1 X 2 X 3 X 1 0 1 2 X X . . . . . . . . . . . . . . . . . . 
Network Value: 0.178345 End Value: 0
Time: 0 endValue: -1.000000
. 2 1 0 1 3 X 3 X X X 3 3 2 1 0 2 X 3 X 1 0 0 0 0 1 2 2 2 1 
. X 2 1 2 X X 3 2 3 3 X X X 2 1 3 X 3 1 2 1 1 0 0 1 X X 3 X 
X X 5 4 X 4 2 1 0 0 1 3 4 3 2 X 2 1 1 0 2 X 2 1 1 3 3 3 3 X 
3 X X X X 2 0 1 1 1 0 2 X 3 2 2 3 2 1 0 2 X 2 1 X 2 X 1 1 1 
1 2 3 4 4 3 1 1 X 1 1 4 X X 1 1 X X 1 0 2 2 2 1 1 2 1 2 1 1 
0 0 0 1 X X 2 2 1 1 1 X X 4 2 3 4 4 2 0 1 X 2 1 1 0 0 2 X 2 
2 2 1 1 2 3 X 1 0 0 1 2 3 3 X 3 X X 1 0 2 3 4 X 1 0 1 3 X 2 
X X 2 0 0 2 2 2 0 0 0 0 1 X 2 4 X 4 1 1 3 X X 3 2 1 1 X 2 1 
3 X 3 2 2 2 X 1 0 0 0 0 1 2 2 3 X 3 1 2 X X 4 3 X 1 1 1 1 0 
2 2 3 X X 2 1 1 0 0 0 0 0 1 X 2 1 2 X 2 2 2 2 X 2 2 1 1 0 0 
1 X 3 3 2 1 1 2 2 1 0 1 1 2 1 2 1 2 1 1 0 0 1 2 2 2 X 1 0 0 
1 2 X 1 1 1 2 X X 3 2 2 X 2 2 3 X 1 0 0 0 0 1 3 X 4 2 2 0 0 
0 1 1 1 1 X 3 3 4 X X 3 2 2 X X 2 1 0 0 0 0 1 X X 3 X 1 0 0 
0 0 0 1 2 2 2 X 3 3 4 X 1 1 2 2 1 0 0 0 1 1 2 3 3 3 2 2 1 0 
1 1 2 2 X 2 2 1 2 X 4 3 2 1 1 1 0 0 0 0 1 X 2 3 X 4 3 X 1 0 
1 X 2 X 3 X 1 0 1 2 X X 1 1 X 1 0 0 0 0 1 2 X 3 X X X 2 1 0 
Network Value: 0.407606 End Value: 0
Time: 0 endValue: -1.000000
. . . . . . . . . . . . . . . . . . . . . . . . . . . . . . 
. . . . . . . . . . . . . . . . . . . . . . . . . . . . . . 
. . . . . . . . . . . . . . . . . . . . . . . . . . . . . . 
. . . . . . . . . . . . . . . . . . . . . . . . . . . . . . 
. . . . . . . . . . . . . . . . . . . . . . . . . . . . . . 
. . . . . . . . . . . . . . . . . . . . . . . . . . . . . . 
. . . . . . . . . . . . . . . . . . . . . . . . . . . . . . 
. . . . . . . . . . . . . . . . . . . . . . . . . . . . . . 
. . . . . . . . . . . . . . . . . . . . . . . . . . . . . . 
. . . . . . . . . . . . . . . . . . . . . . . . . . . . . . 
. . . . . . . . . . . . . . . . . . . . . . . . . . . . . . 
. . . . . . . . . . . . . . . . . . . . . . . . . . . . . . 
. . . . . . . . . . . . . . . . . . . . . . . . . . . . . . 
. . . . . . . . . . . . . . . . . . . . . . . . . . . . . . 
. . . . . . . . . . . . . . . . . . . . . . . . . . . . . . 
. . . . . . . . . . . . . . . . . . . . . . . . . . . . . . 
Network Value: 0.206327 End Value: 0
